<?xml version="1.0" encoding="UTF-8"?>
<testsuite xmlns:xsi="http://www.w3.org/2001/XMLSchema-instance" xsi:noNamespaceSchemaLocation="https://maven.apache.org/surefire/maven-surefire-plugin/xsd/surefire-test-report.xsd" version="3.0.2" name="ke.unify.ecommerce.CustomerApplicationTests" time="4.399" tests="1" errors="0" skipped="0" failures="0">
  <properties>
    <property name="java.specification.version" value="17"/>
    <property name="sun.jnu.encoding" value="UTF-8"/>
    <property name="java.class.path" value="/home/dominic/academy/domie/java/e-commerce-app/services/customer/target/test-classes:/home/dominic/academy/domie/java/e-commerce-app/services/customer/target/classes:/home/dominic/.m2/repository/org/springframework/boot/spring-boot-starter-data-mongodb/3.4.2/spring-boot-starter-data-mongodb-3.4.2.jar:/home/dominic/.m2/repository/org/springframework/boot/spring-boot-starter/3.4.2/spring-boot-starter-3.4.2.jar:/home/dominic/.m2/repository/org/springframework/boot/spring-boot/3.4.2/spring-boot-3.4.2.jar:/home/dominic/.m2/repository/org/springframework/boot/spring-boot-autoconfigure/3.4.2/spring-boot-autoconfigure-3.4.2.jar:/home/dominic/.m2/repository/org/springframework/boot/spring-boot-starter-logging/3.4.2/spring-boot-starter-logging-3.4.2.jar:/home/dominic/.m2/repository/ch/qos/logback/logback-classic/1.5.16/logback-classic-1.5.16.jar:/home/dominic/.m2/repository/ch/qos/logback/logback-core/1.5.16/logback-core-1.5.16.jar:/home/dominic/.m2/repository/org/apache/logging/log4j/log4j-to-slf4j/2.24.3/log4j-to-slf4j-2.24.3.jar:/home/dominic/.m2/repository/org/apache/logging/log4j/log4j-api/2.24.3/log4j-api-2.24.3.jar:/home/dominic/.m2/repository/org/slf4j/jul-to-slf4j/2.0.16/jul-to-slf4j-2.0.16.jar:/home/dominic/.m2/repository/jakarta/annotation/jakarta.annotation-api/2.1.1/jakarta.annotation-api-2.1.1.jar:/home/dominic/.m2/repository/org/yaml/snakeyaml/2.3/snakeyaml-2.3.jar:/home/dominic/.m2/repository/org/mongodb/mongodb-driver-sync/5.2.1/mongodb-driver-sync-5.2.1.jar:/home/dominic/.m2/repository/org/mongodb/bson/5.2.1/bson-5.2.1.jar:/home/dominic/.m2/repository/org/mongodb/mongodb-driver-core/5.2.1/mongodb-driver-core-5.2.1.jar:/home/dominic/.m2/repository/org/mongodb/bson-record-codec/5.2.1/bson-record-codec-5.2.1.jar:/home/dominic/.m2/repository/org/springframework/data/spring-data-mongodb/4.4.2/spring-data-mongodb-4.4.2.jar:/home/dominic/.m2/repository/org/springframework/spring-tx/6.2.2/spring-tx-6.2.2.jar:/home/dominic/.m2/repository/org/springframework/spring-context/6.2.2/spring-context-6.2.2.jar:/home/dominic/.m2/repository/org/springframework/spring-beans/6.2.2/spring-beans-6.2.2.jar:/home/dominic/.m2/repository/org/springframework/spring-expression/6.2.2/spring-expression-6.2.2.jar:/home/dominic/.m2/repository/org/springframework/data/spring-data-commons/3.4.2/spring-data-commons-3.4.2.jar:/home/dominic/.m2/repository/org/slf4j/slf4j-api/2.0.16/slf4j-api-2.0.16.jar:/home/dominic/.m2/repository/org/springframework/boot/spring-boot-starter-validation/3.4.2/spring-boot-starter-validation-3.4.2.jar:/home/dominic/.m2/repository/org/apache/tomcat/embed/tomcat-embed-el/10.1.34/tomcat-embed-el-10.1.34.jar:/home/dominic/.m2/repository/org/hibernate/validator/hibernate-validator/8.0.2.Final/hibernate-validator-8.0.2.Final.jar:/home/dominic/.m2/repository/jakarta/validation/jakarta.validation-api/3.0.2/jakarta.validation-api-3.0.2.jar:/home/dominic/.m2/repository/org/jboss/logging/jboss-logging/3.6.1.Final/jboss-logging-3.6.1.Final.jar:/home/dominic/.m2/repository/com/fasterxml/classmate/1.7.0/classmate-1.7.0.jar:/home/dominic/.m2/repository/org/springframework/boot/spring-boot-starter-web/3.4.2/spring-boot-starter-web-3.4.2.jar:/home/dominic/.m2/repository/org/springframework/boot/spring-boot-starter-json/3.4.2/spring-boot-starter-json-3.4.2.jar:/home/dominic/.m2/repository/com/fasterxml/jackson/datatype/jackson-datatype-jdk8/2.18.2/jackson-datatype-jdk8-2.18.2.jar:/home/dominic/.m2/repository/com/fasterxml/jackson/datatype/jackson-datatype-jsr310/2.18.2/jackson-datatype-jsr310-2.18.2.jar:/home/dominic/.m2/repository/com/fasterxml/jackson/module/jackson-module-parameter-names/2.18.2/jackson-module-parameter-names-2.18.2.jar:/home/dominic/.m2/repository/org/springframework/boot/spring-boot-starter-tomcat/3.4.2/spring-boot-starter-tomcat-3.4.2.jar:/home/dominic/.m2/repository/org/apache/tomcat/embed/tomcat-embed-core/10.1.34/tomcat-embed-core-10.1.34.jar:/home/dominic/.m2/repository/org/apache/tomcat/embed/tomcat-embed-websocket/10.1.34/tomcat-embed-websocket-10.1.34.jar:/home/dominic/.m2/repository/org/springframework/spring-web/6.2.2/spring-web-6.2.2.jar:/home/dominic/.m2/repository/io/micrometer/micrometer-observation/1.14.3/micrometer-observation-1.14.3.jar:/home/dominic/.m2/repository/io/micrometer/micrometer-commons/1.14.3/micrometer-commons-1.14.3.jar:/home/dominic/.m2/repository/org/springframework/spring-webmvc/6.2.2/spring-webmvc-6.2.2.jar:/home/dominic/.m2/repository/org/springframework/spring-aop/6.2.2/spring-aop-6.2.2.jar:/home/dominic/.m2/repository/org/springframework/cloud/spring-cloud-starter-config/4.2.0/spring-cloud-starter-config-4.2.0.jar:/home/dominic/.m2/repository/org/springframework/cloud/spring-cloud-starter/4.2.0/spring-cloud-starter-4.2.0.jar:/home/dominic/.m2/repository/org/springframework/cloud/spring-cloud-context/4.2.0/spring-cloud-context-4.2.0.jar:/home/dominic/.m2/repository/org/springframework/security/spring-security-crypto/6.4.2/spring-security-crypto-6.4.2.jar:/home/dominic/.m2/repository/org/springframework/cloud/spring-cloud-commons/4.2.0/spring-cloud-commons-4.2.0.jar:/home/dominic/.m2/repository/org/bouncycastle/bcprov-jdk18on/1.78.1/bcprov-jdk18on-1.78.1.jar:/home/dominic/.m2/repository/org/springframework/cloud/spring-cloud-config-client/4.2.0/spring-cloud-config-client-4.2.0.jar:/home/dominic/.m2/repository/com/fasterxml/jackson/core/jackson-annotations/2.18.2/jackson-annotations-2.18.2.jar:/home/dominic/.m2/repository/org/apache/httpcomponents/client5/httpclient5/5.4.1/httpclient5-5.4.1.jar:/home/dominic/.m2/repository/org/apache/httpcomponents/core5/httpcore5/5.3.2/httpcore5-5.3.2.jar:/home/dominic/.m2/repository/org/apache/httpcomponents/core5/httpcore5-h2/5.3.2/httpcore5-h2-5.3.2.jar:/home/dominic/.m2/repository/com/fasterxml/jackson/core/jackson-databind/2.18.2/jackson-databind-2.18.2.jar:/home/dominic/.m2/repository/com/fasterxml/jackson/core/jackson-core/2.18.2/jackson-core-2.18.2.jar:/home/dominic/.m2/repository/org/springframework/cloud/spring-cloud-starter-netflix-eureka-client/4.2.0/spring-cloud-starter-netflix-eureka-client-4.2.0.jar:/home/dominic/.m2/repository/org/springframework/cloud/spring-cloud-netflix-eureka-client/4.2.0/spring-cloud-netflix-eureka-client-4.2.0.jar:/home/dominic/.m2/repository/com/netflix/eureka/eureka-client/2.0.4/eureka-client-2.0.4.jar:/home/dominic/.m2/repository/com/thoughtworks/xstream/xstream/1.4.20/xstream-1.4.20.jar:/home/dominic/.m2/repository/io/github/x-stream/mxparser/1.2.2/mxparser-1.2.2.jar:/home/dominic/.m2/repository/xmlpull/xmlpull/1.1.3.1/xmlpull-1.1.3.1.jar:/home/dominic/.m2/repository/jakarta/ws/rs/jakarta.ws.rs-api/3.1.0/jakarta.ws.rs-api-3.1.0.jar:/home/dominic/.m2/repository/jakarta/inject/jakarta.inject-api/2.0.1/jakarta.inject-api-2.0.1.jar:/home/dominic/.m2/repository/com/netflix/spectator/spectator-api/1.7.3/spectator-api-1.7.3.jar:/home/dominic/.m2/repository/org/apache/httpcomponents/httpclient/4.5.3/httpclient-4.5.3.jar:/home/dominic/.m2/repository/org/apache/httpcomponents/httpcore/4.4.16/httpcore-4.4.16.jar:/home/dominic/.m2/repository/commons-codec/commons-codec/1.17.2/commons-codec-1.17.2.jar:/home/dominic/.m2/repository/commons-configuration/commons-configuration/1.10/commons-configuration-1.10.jar:/home/dominic/.m2/repository/commons-lang/commons-lang/2.6/commons-lang-2.6.jar:/home/dominic/.m2/repository/com/netflix/netflix-commons/netflix-eventbus/0.3.0/netflix-eventbus-0.3.0.jar:/home/dominic/.m2/repository/com/netflix/netflix-commons/netflix-infix/0.3.0/netflix-infix-0.3.0.jar:/home/dominic/.m2/repository/commons-jxpath/commons-jxpath/1.3/commons-jxpath-1.3.jar:/home/dominic/.m2/repository/joda-time/joda-time/2.3/joda-time-2.3.jar:/home/dominic/.m2/repository/org/antlr/antlr-runtime/3.4/antlr-runtime-3.4.jar:/home/dominic/.m2/repository/org/antlr/stringtemplate/3.2.1/stringtemplate-3.2.1.jar:/home/dominic/.m2/repository/antlr/antlr/2.7.7/antlr-2.7.7.jar:/home/dominic/.m2/repository/com/google/guava/guava/33.3.1-jre/guava-33.3.1-jre.jar:/home/dominic/.m2/repository/com/google/guava/failureaccess/1.0.2/failureaccess-1.0.2.jar:/home/dominic/.m2/repository/com/google/guava/listenablefuture/9999.0-empty-to-avoid-conflict-with-guava/listenablefuture-9999.0-empty-to-avoid-conflict-with-guava.jar:/home/dominic/.m2/repository/org/checkerframework/checker-qual/3.43.0/checker-qual-3.43.0.jar:/home/dominic/.m2/repository/com/google/errorprone/error_prone_annotations/2.28.0/error_prone_annotations-2.28.0.jar:/home/dominic/.m2/repository/com/google/j2objc/j2objc-annotations/3.0.0/j2objc-annotations-3.0.0.jar:/home/dominic/.m2/repository/com/google/code/gson/gson/2.11.0/gson-2.11.0.jar:/home/dominic/.m2/repository/com/netflix/servo/servo-core/0.5.3/servo-core-0.5.3.jar:/home/dominic/.m2/repository/org/apache/commons/commons-math/2.2/commons-math-2.2.jar:/home/dominic/.m2/repository/javax/annotation/javax.annotation-api/1.2/javax.annotation-api-1.2.jar:/home/dominic/.m2/repository/org/codehaus/jettison/jettison/1.5.4/jettison-1.5.4.jar:/home/dominic/.m2/repository/org/springframework/cloud/spring-cloud-starter-loadbalancer/4.2.0/spring-cloud-starter-loadbalancer-4.2.0.jar:/home/dominic/.m2/repository/org/springframework/cloud/spring-cloud-loadbalancer/4.2.0/spring-cloud-loadbalancer-4.2.0.jar:/home/dominic/.m2/repository/io/projectreactor/reactor-core/3.7.2/reactor-core-3.7.2.jar:/home/dominic/.m2/repository/org/reactivestreams/reactive-streams/1.0.4/reactive-streams-1.0.4.jar:/home/dominic/.m2/repository/io/projectreactor/addons/reactor-extra/3.5.2/reactor-extra-3.5.2.jar:/home/dominic/.m2/repository/org/springframework/boot/spring-boot-starter-cache/3.4.2/spring-boot-starter-cache-3.4.2.jar:/home/dominic/.m2/repository/org/springframework/spring-context-support/6.2.2/spring-context-support-6.2.2.jar:/home/dominic/.m2/repository/com/stoyanr/evictor/1.0.0/evictor-1.0.0.jar:/home/dominic/.m2/repository/org/projectlombok/lombok/1.18.36/lombok-1.18.36.jar:/home/dominic/.m2/repository/org/springframework/boot/spring-boot-starter-test/3.4.2/spring-boot-starter-test-3.4.2.jar:/home/dominic/.m2/repository/org/springframework/boot/spring-boot-test/3.4.2/spring-boot-test-3.4.2.jar:/home/dominic/.m2/repository/org/springframework/boot/spring-boot-test-autoconfigure/3.4.2/spring-boot-test-autoconfigure-3.4.2.jar:/home/dominic/.m2/repository/com/jayway/jsonpath/json-path/2.9.0/json-path-2.9.0.jar:/home/dominic/.m2/repository/jakarta/xml/bind/jakarta.xml.bind-api/4.0.2/jakarta.xml.bind-api-4.0.2.jar:/home/dominic/.m2/repository/jakarta/activation/jakarta.activation-api/2.1.3/jakarta.activation-api-2.1.3.jar:/home/dominic/.m2/repository/net/minidev/json-smart/2.5.1/json-smart-2.5.1.jar:/home/dominic/.m2/repository/net/minidev/accessors-smart/2.5.1/accessors-smart-2.5.1.jar:/home/dominic/.m2/repository/org/ow2/asm/asm/9.6/asm-9.6.jar:/home/dominic/.m2/repository/org/assertj/assertj-core/3.26.3/assertj-core-3.26.3.jar:/home/dominic/.m2/repository/net/bytebuddy/byte-buddy/1.15.11/byte-buddy-1.15.11.jar:/home/dominic/.m2/repository/org/awaitility/awaitility/4.2.2/awaitility-4.2.2.jar:/home/dominic/.m2/repository/org/hamcrest/hamcrest/2.2/hamcrest-2.2.jar:/home/dominic/.m2/repository/org/junit/jupiter/junit-jupiter/5.11.4/junit-jupiter-5.11.4.jar:/home/dominic/.m2/repository/org/junit/jupiter/junit-jupiter-api/5.11.4/junit-jupiter-api-5.11.4.jar:/home/dominic/.m2/repository/org/opentest4j/opentest4j/1.3.0/opentest4j-1.3.0.jar:/home/dominic/.m2/repository/org/junit/platform/junit-platform-commons/1.11.4/junit-platform-commons-1.11.4.jar:/home/dominic/.m2/repository/org/apiguardian/apiguardian-api/1.1.2/apiguardian-api-1.1.2.jar:/home/dominic/.m2/repository/org/junit/jupiter/junit-jupiter-params/5.11.4/junit-jupiter-params-5.11.4.jar:/home/dominic/.m2/repository/org/junit/jupiter/junit-jupiter-engine/5.11.4/junit-jupiter-engine-5.11.4.jar:/home/dominic/.m2/repository/org/junit/platform/junit-platform-engine/1.11.4/junit-platform-engine-1.11.4.jar:/home/dominic/.m2/repository/org/mockito/mockito-core/5.14.2/mockito-core-5.14.2.jar:/home/dominic/.m2/repository/net/bytebuddy/byte-buddy-agent/1.15.11/byte-buddy-agent-1.15.11.jar:/home/dominic/.m2/repository/org/objenesis/objenesis/3.3/objenesis-3.3.jar:/home/dominic/.m2/repository/org/mockito/mockito-junit-jupiter/5.14.2/mockito-junit-jupiter-5.14.2.jar:/home/dominic/.m2/repository/org/skyscreamer/jsonassert/1.5.3/jsonassert-1.5.3.jar:/home/dominic/.m2/repository/com/vaadin/external/google/android-json/0.0.20131108.vaadin1/android-json-0.0.20131108.vaadin1.jar:/home/dominic/.m2/repository/org/springframework/spring-core/6.2.2/spring-core-6.2.2.jar:/home/dominic/.m2/repository/org/springframework/spring-jcl/6.2.2/spring-jcl-6.2.2.jar:/home/dominic/.m2/repository/org/springframework/spring-test/6.2.2/spring-test-6.2.2.jar:/home/dominic/.m2/repository/org/xmlunit/xmlunit-core/2.10.0/xmlunit-core-2.10.0.jar:"/>
    <property name="java.vm.vendor" value="Ubuntu"/>
    <property name="sun.arch.data.model" value="64"/>
    <property name="java.vendor.url" value="https://ubuntu.com/"/>
    <property name="user.timezone" value="Africa/Nairobi"/>
    <property name="org.jboss.logging.provider" value="slf4j"/>
    <property name="os.name" value="Linux"/>
    <property name="java.vm.specification.version" value="17"/>
    <property name="APPLICATION_NAME" value="customer-service"/>
    <property name="sun.java.launcher" value="SUN_STANDARD"/>
    <property name="user.country" value="US"/>
    <property name="sun.boot.library.path" value="/usr/lib/jvm/java-17-openjdk-amd64/lib"/>
    <property name="sun.java.command" value="/home/dominic/academy/domie/java/e-commerce-app/services/customer/target/surefire/surefirebooter-20250130103840090_3.jar /home/dominic/academy/domie/java/e-commerce-app/services/customer/target/surefire 2025-01-30T10-38-40_019-jvmRun1 surefire-20250130103840090_1tmp surefire_0-20250130103840090_2tmp"/>
    <property name="jdk.debug" value="release"/>
    <property name="surefire.test.class.path" value="/home/dominic/academy/domie/java/e-commerce-app/services/customer/target/test-classes:/home/dominic/academy/domie/java/e-commerce-app/services/customer/target/classes:/home/dominic/.m2/repository/org/springframework/boot/spring-boot-starter-data-mongodb/3.4.2/spring-boot-starter-data-mongodb-3.4.2.jar:/home/dominic/.m2/repository/org/springframework/boot/spring-boot-starter/3.4.2/spring-boot-starter-3.4.2.jar:/home/dominic/.m2/repository/org/springframework/boot/spring-boot/3.4.2/spring-boot-3.4.2.jar:/home/dominic/.m2/repository/org/springframework/boot/spring-boot-autoconfigure/3.4.2/spring-boot-autoconfigure-3.4.2.jar:/home/dominic/.m2/repository/org/springframework/boot/spring-boot-starter-logging/3.4.2/spring-boot-starter-logging-3.4.2.jar:/home/dominic/.m2/repository/ch/qos/logback/logback-classic/1.5.16/logback-classic-1.5.16.jar:/home/dominic/.m2/repository/ch/qos/logback/logback-core/1.5.16/logback-core-1.5.16.jar:/home/dominic/.m2/repository/org/apache/logging/log4j/log4j-to-slf4j/2.24.3/log4j-to-slf4j-2.24.3.jar:/home/dominic/.m2/repository/org/apache/logging/log4j/log4j-api/2.24.3/log4j-api-2.24.3.jar:/home/dominic/.m2/repository/org/slf4j/jul-to-slf4j/2.0.16/jul-to-slf4j-2.0.16.jar:/home/dominic/.m2/repository/jakarta/annotation/jakarta.annotation-api/2.1.1/jakarta.annotation-api-2.1.1.jar:/home/dominic/.m2/repository/org/yaml/snakeyaml/2.3/snakeyaml-2.3.jar:/home/dominic/.m2/repository/org/mongodb/mongodb-driver-sync/5.2.1/mongodb-driver-sync-5.2.1.jar:/home/dominic/.m2/repository/org/mongodb/bson/5.2.1/bson-5.2.1.jar:/home/dominic/.m2/repository/org/mongodb/mongodb-driver-core/5.2.1/mongodb-driver-core-5.2.1.jar:/home/dominic/.m2/repository/org/mongodb/bson-record-codec/5.2.1/bson-record-codec-5.2.1.jar:/home/dominic/.m2/repository/org/springframework/data/spring-data-mongodb/4.4.2/spring-data-mongodb-4.4.2.jar:/home/dominic/.m2/repository/org/springframework/spring-tx/6.2.2/spring-tx-6.2.2.jar:/home/dominic/.m2/repository/org/springframework/spring-context/6.2.2/spring-context-6.2.2.jar:/home/dominic/.m2/repository/org/springframework/spring-beans/6.2.2/spring-beans-6.2.2.jar:/home/dominic/.m2/repository/org/springframework/spring-expression/6.2.2/spring-expression-6.2.2.jar:/home/dominic/.m2/repository/org/springframework/data/spring-data-commons/3.4.2/spring-data-commons-3.4.2.jar:/home/dominic/.m2/repository/org/slf4j/slf4j-api/2.0.16/slf4j-api-2.0.16.jar:/home/dominic/.m2/repository/org/springframework/boot/spring-boot-starter-validation/3.4.2/spring-boot-starter-validation-3.4.2.jar:/home/dominic/.m2/repository/org/apache/tomcat/embed/tomcat-embed-el/10.1.34/tomcat-embed-el-10.1.34.jar:/home/dominic/.m2/repository/org/hibernate/validator/hibernate-validator/8.0.2.Final/hibernate-validator-8.0.2.Final.jar:/home/dominic/.m2/repository/jakarta/validation/jakarta.validation-api/3.0.2/jakarta.validation-api-3.0.2.jar:/home/dominic/.m2/repository/org/jboss/logging/jboss-logging/3.6.1.Final/jboss-logging-3.6.1.Final.jar:/home/dominic/.m2/repository/com/fasterxml/classmate/1.7.0/classmate-1.7.0.jar:/home/dominic/.m2/repository/org/springframework/boot/spring-boot-starter-web/3.4.2/spring-boot-starter-web-3.4.2.jar:/home/dominic/.m2/repository/org/springframework/boot/spring-boot-starter-json/3.4.2/spring-boot-starter-json-3.4.2.jar:/home/dominic/.m2/repository/com/fasterxml/jackson/datatype/jackson-datatype-jdk8/2.18.2/jackson-datatype-jdk8-2.18.2.jar:/home/dominic/.m2/repository/com/fasterxml/jackson/datatype/jackson-datatype-jsr310/2.18.2/jackson-datatype-jsr310-2.18.2.jar:/home/dominic/.m2/repository/com/fasterxml/jackson/module/jackson-module-parameter-names/2.18.2/jackson-module-parameter-names-2.18.2.jar:/home/dominic/.m2/repository/org/springframework/boot/spring-boot-starter-tomcat/3.4.2/spring-boot-starter-tomcat-3.4.2.jar:/home/dominic/.m2/repository/org/apache/tomcat/embed/tomcat-embed-core/10.1.34/tomcat-embed-core-10.1.34.jar:/home/dominic/.m2/repository/org/apache/tomcat/embed/tomcat-embed-websocket/10.1.34/tomcat-embed-websocket-10.1.34.jar:/home/dominic/.m2/repository/org/springframework/spring-web/6.2.2/spring-web-6.2.2.jar:/home/dominic/.m2/repository/io/micrometer/micrometer-observation/1.14.3/micrometer-observation-1.14.3.jar:/home/dominic/.m2/repository/io/micrometer/micrometer-commons/1.14.3/micrometer-commons-1.14.3.jar:/home/dominic/.m2/repository/org/springframework/spring-webmvc/6.2.2/spring-webmvc-6.2.2.jar:/home/dominic/.m2/repository/org/springframework/spring-aop/6.2.2/spring-aop-6.2.2.jar:/home/dominic/.m2/repository/org/springframework/cloud/spring-cloud-starter-config/4.2.0/spring-cloud-starter-config-4.2.0.jar:/home/dominic/.m2/repository/org/springframework/cloud/spring-cloud-starter/4.2.0/spring-cloud-starter-4.2.0.jar:/home/dominic/.m2/repository/org/springframework/cloud/spring-cloud-context/4.2.0/spring-cloud-context-4.2.0.jar:/home/dominic/.m2/repository/org/springframework/security/spring-security-crypto/6.4.2/spring-security-crypto-6.4.2.jar:/home/dominic/.m2/repository/org/springframework/cloud/spring-cloud-commons/4.2.0/spring-cloud-commons-4.2.0.jar:/home/dominic/.m2/repository/org/bouncycastle/bcprov-jdk18on/1.78.1/bcprov-jdk18on-1.78.1.jar:/home/dominic/.m2/repository/org/springframework/cloud/spring-cloud-config-client/4.2.0/spring-cloud-config-client-4.2.0.jar:/home/dominic/.m2/repository/com/fasterxml/jackson/core/jackson-annotations/2.18.2/jackson-annotations-2.18.2.jar:/home/dominic/.m2/repository/org/apache/httpcomponents/client5/httpclient5/5.4.1/httpclient5-5.4.1.jar:/home/dominic/.m2/repository/org/apache/httpcomponents/core5/httpcore5/5.3.2/httpcore5-5.3.2.jar:/home/dominic/.m2/repository/org/apache/httpcomponents/core5/httpcore5-h2/5.3.2/httpcore5-h2-5.3.2.jar:/home/dominic/.m2/repository/com/fasterxml/jackson/core/jackson-databind/2.18.2/jackson-databind-2.18.2.jar:/home/dominic/.m2/repository/com/fasterxml/jackson/core/jackson-core/2.18.2/jackson-core-2.18.2.jar:/home/dominic/.m2/repository/org/springframework/cloud/spring-cloud-starter-netflix-eureka-client/4.2.0/spring-cloud-starter-netflix-eureka-client-4.2.0.jar:/home/dominic/.m2/repository/org/springframework/cloud/spring-cloud-netflix-eureka-client/4.2.0/spring-cloud-netflix-eureka-client-4.2.0.jar:/home/dominic/.m2/repository/com/netflix/eureka/eureka-client/2.0.4/eureka-client-2.0.4.jar:/home/dominic/.m2/repository/com/thoughtworks/xstream/xstream/1.4.20/xstream-1.4.20.jar:/home/dominic/.m2/repository/io/github/x-stream/mxparser/1.2.2/mxparser-1.2.2.jar:/home/dominic/.m2/repository/xmlpull/xmlpull/1.1.3.1/xmlpull-1.1.3.1.jar:/home/dominic/.m2/repository/jakarta/ws/rs/jakarta.ws.rs-api/3.1.0/jakarta.ws.rs-api-3.1.0.jar:/home/dominic/.m2/repository/jakarta/inject/jakarta.inject-api/2.0.1/jakarta.inject-api-2.0.1.jar:/home/dominic/.m2/repository/com/netflix/spectator/spectator-api/1.7.3/spectator-api-1.7.3.jar:/home/dominic/.m2/repository/org/apache/httpcomponents/httpclient/4.5.3/httpclient-4.5.3.jar:/home/dominic/.m2/repository/org/apache/httpcomponents/httpcore/4.4.16/httpcore-4.4.16.jar:/home/dominic/.m2/repository/commons-codec/commons-codec/1.17.2/commons-codec-1.17.2.jar:/home/dominic/.m2/repository/commons-configuration/commons-configuration/1.10/commons-configuration-1.10.jar:/home/dominic/.m2/repository/commons-lang/commons-lang/2.6/commons-lang-2.6.jar:/home/dominic/.m2/repository/com/netflix/netflix-commons/netflix-eventbus/0.3.0/netflix-eventbus-0.3.0.jar:/home/dominic/.m2/repository/com/netflix/netflix-commons/netflix-infix/0.3.0/netflix-infix-0.3.0.jar:/home/dominic/.m2/repository/commons-jxpath/commons-jxpath/1.3/commons-jxpath-1.3.jar:/home/dominic/.m2/repository/joda-time/joda-time/2.3/joda-time-2.3.jar:/home/dominic/.m2/repository/org/antlr/antlr-runtime/3.4/antlr-runtime-3.4.jar:/home/dominic/.m2/repository/org/antlr/stringtemplate/3.2.1/stringtemplate-3.2.1.jar:/home/dominic/.m2/repository/antlr/antlr/2.7.7/antlr-2.7.7.jar:/home/dominic/.m2/repository/com/google/guava/guava/33.3.1-jre/guava-33.3.1-jre.jar:/home/dominic/.m2/repository/com/google/guava/failureaccess/1.0.2/failureaccess-1.0.2.jar:/home/dominic/.m2/repository/com/google/guava/listenablefuture/9999.0-empty-to-avoid-conflict-with-guava/listenablefuture-9999.0-empty-to-avoid-conflict-with-guava.jar:/home/dominic/.m2/repository/org/checkerframework/checker-qual/3.43.0/checker-qual-3.43.0.jar:/home/dominic/.m2/repository/com/google/errorprone/error_prone_annotations/2.28.0/error_prone_annotations-2.28.0.jar:/home/dominic/.m2/repository/com/google/j2objc/j2objc-annotations/3.0.0/j2objc-annotations-3.0.0.jar:/home/dominic/.m2/repository/com/google/code/gson/gson/2.11.0/gson-2.11.0.jar:/home/dominic/.m2/repository/com/netflix/servo/servo-core/0.5.3/servo-core-0.5.3.jar:/home/dominic/.m2/repository/org/apache/commons/commons-math/2.2/commons-math-2.2.jar:/home/dominic/.m2/repository/javax/annotation/javax.annotation-api/1.2/javax.annotation-api-1.2.jar:/home/dominic/.m2/repository/org/codehaus/jettison/jettison/1.5.4/jettison-1.5.4.jar:/home/dominic/.m2/repository/org/springframework/cloud/spring-cloud-starter-loadbalancer/4.2.0/spring-cloud-starter-loadbalancer-4.2.0.jar:/home/dominic/.m2/repository/org/springframework/cloud/spring-cloud-loadbalancer/4.2.0/spring-cloud-loadbalancer-4.2.0.jar:/home/dominic/.m2/repository/io/projectreactor/reactor-core/3.7.2/reactor-core-3.7.2.jar:/home/dominic/.m2/repository/org/reactivestreams/reactive-streams/1.0.4/reactive-streams-1.0.4.jar:/home/dominic/.m2/repository/io/projectreactor/addons/reactor-extra/3.5.2/reactor-extra-3.5.2.jar:/home/dominic/.m2/repository/org/springframework/boot/spring-boot-starter-cache/3.4.2/spring-boot-starter-cache-3.4.2.jar:/home/dominic/.m2/repository/org/springframework/spring-context-support/6.2.2/spring-context-support-6.2.2.jar:/home/dominic/.m2/repository/com/stoyanr/evictor/1.0.0/evictor-1.0.0.jar:/home/dominic/.m2/repository/org/projectlombok/lombok/1.18.36/lombok-1.18.36.jar:/home/dominic/.m2/repository/org/springframework/boot/spring-boot-starter-test/3.4.2/spring-boot-starter-test-3.4.2.jar:/home/dominic/.m2/repository/org/springframework/boot/spring-boot-test/3.4.2/spring-boot-test-3.4.2.jar:/home/dominic/.m2/repository/org/springframework/boot/spring-boot-test-autoconfigure/3.4.2/spring-boot-test-autoconfigure-3.4.2.jar:/home/dominic/.m2/repository/com/jayway/jsonpath/json-path/2.9.0/json-path-2.9.0.jar:/home/dominic/.m2/repository/jakarta/xml/bind/jakarta.xml.bind-api/4.0.2/jakarta.xml.bind-api-4.0.2.jar:/home/dominic/.m2/repository/jakarta/activation/jakarta.activation-api/2.1.3/jakarta.activation-api-2.1.3.jar:/home/dominic/.m2/repository/net/minidev/json-smart/2.5.1/json-smart-2.5.1.jar:/home/dominic/.m2/repository/net/minidev/accessors-smart/2.5.1/accessors-smart-2.5.1.jar:/home/dominic/.m2/repository/org/ow2/asm/asm/9.6/asm-9.6.jar:/home/dominic/.m2/repository/org/assertj/assertj-core/3.26.3/assertj-core-3.26.3.jar:/home/dominic/.m2/repository/net/bytebuddy/byte-buddy/1.15.11/byte-buddy-1.15.11.jar:/home/dominic/.m2/repository/org/awaitility/awaitility/4.2.2/awaitility-4.2.2.jar:/home/dominic/.m2/repository/org/hamcrest/hamcrest/2.2/hamcrest-2.2.jar:/home/dominic/.m2/repository/org/junit/jupiter/junit-jupiter/5.11.4/junit-jupiter-5.11.4.jar:/home/dominic/.m2/repository/org/junit/jupiter/junit-jupiter-api/5.11.4/junit-jupiter-api-5.11.4.jar:/home/dominic/.m2/repository/org/opentest4j/opentest4j/1.3.0/opentest4j-1.3.0.jar:/home/dominic/.m2/repository/org/junit/platform/junit-platform-commons/1.11.4/junit-platform-commons-1.11.4.jar:/home/dominic/.m2/repository/org/apiguardian/apiguardian-api/1.1.2/apiguardian-api-1.1.2.jar:/home/dominic/.m2/repository/org/junit/jupiter/junit-jupiter-params/5.11.4/junit-jupiter-params-5.11.4.jar:/home/dominic/.m2/repository/org/junit/jupiter/junit-jupiter-engine/5.11.4/junit-jupiter-engine-5.11.4.jar:/home/dominic/.m2/repository/org/junit/platform/junit-platform-engine/1.11.4/junit-platform-engine-1.11.4.jar:/home/dominic/.m2/repository/org/mockito/mockito-core/5.14.2/mockito-core-5.14.2.jar:/home/dominic/.m2/repository/net/bytebuddy/byte-buddy-agent/1.15.11/byte-buddy-agent-1.15.11.jar:/home/dominic/.m2/repository/org/objenesis/objenesis/3.3/objenesis-3.3.jar:/home/dominic/.m2/repository/org/mockito/mockito-junit-jupiter/5.14.2/mockito-junit-jupiter-5.14.2.jar:/home/dominic/.m2/repository/org/skyscreamer/jsonassert/1.5.3/jsonassert-1.5.3.jar:/home/dominic/.m2/repository/com/vaadin/external/google/android-json/0.0.20131108.vaadin1/android-json-0.0.20131108.vaadin1.jar:/home/dominic/.m2/repository/org/springframework/spring-core/6.2.2/spring-core-6.2.2.jar:/home/dominic/.m2/repository/org/springframework/spring-jcl/6.2.2/spring-jcl-6.2.2.jar:/home/dominic/.m2/repository/org/springframework/spring-test/6.2.2/spring-test-6.2.2.jar:/home/dominic/.m2/repository/org/xmlunit/xmlunit-core/2.10.0/xmlunit-core-2.10.0.jar:"/>
    <property name="sun.cpu.endian" value="little"/>
    <property name="user.home" value="/home/dominic"/>
    <property name="user.language" value="en"/>
    <property name="java.specification.vendor" value="Oracle Corporation"/>
    <property name="java.version.date" value="2024-10-15"/>
    <property name="java.home" value="/usr/lib/jvm/java-17-openjdk-amd64"/>
    <property name="file.separator" value="/"/>
    <property name="basedir" value="/home/dominic/academy/domie/java/e-commerce-app/services/customer"/>
    <property name="java.vm.compressedOopsMode" value="Zero based"/>
    <property name="line.separator" value="&#10;"/>
    <property name="java.specification.name" value="Java Platform API Specification"/>
    <property name="java.vm.specification.vendor" value="Oracle Corporation"/>
    <property name="FILE_LOG_CHARSET" value="UTF-8"/>
    <property name="java.awt.headless" value="true"/>
    <property name="surefire.real.class.path" value="/home/dominic/academy/domie/java/e-commerce-app/services/customer/target/surefire/surefirebooter-20250130103840090_3.jar"/>
    <property name="sun.management.compiler" value="HotSpot 64-Bit Tiered Compilers"/>
    <property name="java.runtime.version" value="17.0.13+11-Ubuntu-2ubuntu122.04"/>
    <property name="user.name" value="dominic"/>
    <property name="path.separator" value=":"/>
    <property name="os.version" value="6.8.0-51-generic"/>
    <property name="java.runtime.name" value="OpenJDK Runtime Environment"/>
    <property name="file.encoding" value="UTF-8"/>
    <property name="java.vm.name" value="OpenJDK 64-Bit Server VM"/>
    <property name="localRepository" value="/home/dominic/.m2/repository"/>
    <property name="java.vendor.url.bug" value="https://bugs.launchpad.net/ubuntu/+source/openjdk-17"/>
    <property name="java.io.tmpdir" value="/tmp"/>
    <property name="idea.version" value="2024.2.2"/>
    <property name="java.version" value="17.0.13"/>
    <property name="user.dir" value="/home/dominic/academy/domie/java/e-commerce-app/services/customer"/>
    <property name="os.arch" value="amd64"/>
    <property name="java.vm.specification.name" value="Java Virtual Machine Specification"/>
    <property name="PID" value="55693"/>
    <property name="CONSOLE_LOG_CHARSET" value="UTF-8"/>
    <property name="native.encoding" value="UTF-8"/>
    <property name="java.library.path" value="/usr/java/packages/lib:/usr/lib/x86_64-linux-gnu/jni:/lib/x86_64-linux-gnu:/usr/lib/x86_64-linux-gnu:/usr/lib/jni:/lib:/usr/lib"/>
    <property name="java.vm.info" value="mixed mode, sharing"/>
    <property name="java.vendor" value="Ubuntu"/>
    <property name="java.vm.version" value="17.0.13+11-Ubuntu-2ubuntu122.04"/>
    <property name="java.specification.maintenance.version" value="1"/>
    <property name="sun.io.unicode.encoding" value="UnicodeLittle"/>
    <property name="java.class.version" value="61.0"/>
    <property name="LOGGED_APPLICATION_NAME" value="[customer-service] "/>
  </properties>
  <testcase name="contextLoads" classname="ke.unify.ecommerce.CustomerApplicationTests" time="0.637">
    <system-out><![CDATA[10:38:40.763 [main] INFO org.springframework.test.context.support.AnnotationConfigContextLoaderUtils -- Could not detect default configuration classes for test class [ke.unify.ecommerce.CustomerApplicationTests]: CustomerApplicationTests does not declare any static, non-private, non-final, nested classes annotated with @Configuration.
10:38:40.865 [main] INFO org.springframework.boot.test.context.SpringBootTestContextBootstrapper -- Found @SpringBootConfiguration ke.unify.ecommerce.CustomerApplication for test class ke.unify.ecommerce.CustomerApplicationTests

  .   ____          _            __ _ _
 /\\ / ___'_ __ _ _(_)_ __  __ _ \ \ \ \
( ( )\___ | '_ | '_| | '_ \/ _` | \ \ \ \
 \\/  ___)| |_)| | | | | || (_| |  ) ) ) )
  '  |____| .__|_| |_|_| |_\__, | / / / /
 =========|_|==============|___/=/_/_/_/

 :: Spring Boot ::                (v3.4.2)

2025-01-30T10:38:41.964+03:00  INFO 55693 --- [customer-service] [           main] k.u.ecommerce.CustomerApplicationTests   : Starting CustomerApplicationTests using Java 17.0.13 with PID 55693 (started by dominic in /home/dominic/academy/domie/java/e-commerce-app/services/customer)
2025-01-30T10:38:41.967+03:00  INFO 55693 --- [customer-service] [           main] k.u.ecommerce.CustomerApplicationTests   : No active profile set, falling back to 1 default profile: "default"
2025-01-30T10:38:41.990+03:00  INFO 55693 --- [customer-service] [           main] o.s.c.c.c.ConfigServerConfigDataLoader   : Fetching config from server at : http://localhost:8888
2025-01-30T10:38:41.990+03:00  INFO 55693 --- [customer-service] [           main] o.s.c.c.c.ConfigServerConfigDataLoader   : Located environment: name=customer-service, profiles=[default], label=null, version=null, state=null
2025-01-30T10:38:42.578+03:00  INFO 55693 --- [customer-service] [           main] .s.d.r.c.RepositoryConfigurationDelegate : Bootstrapping Spring Data MongoDB repositories in DEFAULT mode.
2025-01-30T10:38:42.689+03:00  INFO 55693 --- [customer-service] [           main] .s.d.r.c.RepositoryConfigurationDelegate : Finished Spring Data repository scanning in 105 ms. Found 1 MongoDB repository interface.
2025-01-30T10:38:42.903+03:00  INFO 55693 --- [customer-service] [           main] o.s.cloud.context.scope.GenericScope     : BeanFactory id=6a22fc16-5e73-3949-9404-5ae3a56e78fb
2025-01-30T10:38:43.163+03:00  INFO 55693 --- [customer-service] [           main] org.mongodb.driver.client                : MongoClient with metadata {"driver": {"name": "mongo-java-driver|sync|spring-boot", "version": "5.2.1"}, "os": {"type": "Linux", "name": "Linux", "architecture": "amd64", "version": "6.8.0-51-generic"}, "platform": "Java/Ubuntu/17.0.13+11-Ubuntu-2ubuntu122.04"} created with settings MongoClientSettings{readPreference=primary, writeConcern=WriteConcern{w=null, wTimeout=null ms, journal=null}, retryWrites=true, retryReads=true, readConcern=ReadConcern{level=null}, credential=MongoCredential{mechanism=null, userName='domie', source='admin', password=<hidden>, mechanismProperties=<hidden>}, transportSettings=null, commandListeners=[], codecRegistry=ProvidersCodecRegistry{codecProviders=[ValueCodecProvider{}, BsonValueCodecProvider{}, DBRefCodecProvider{}, DBObjectCodecProvider{}, DocumentCodecProvider{}, CollectionCodecProvider{}, IterableCodecProvider{}, MapCodecProvider{}, GeoJsonCodecProvider{}, GridFSFileCodecProvider{}, Jsr310CodecProvider{}, JsonObjectCodecProvider{}, BsonCodecProvider{}, EnumCodecProvider{}, com.mongodb.client.model.mql.ExpressionCodecProvider@27bb74e1, com.mongodb.Jep395RecordCodecProvider@606d6d2c, com.mongodb.KotlinCodecProvider@2e3cd732]}, loggerSettings=LoggerSettings{maxDocumentLength=1000}, clusterSettings={hosts=[localhost:27017], srvServiceName=mongodb, mode=SINGLE, requiredClusterType=UNKNOWN, requiredReplicaSetName='null', serverSelector='null', clusterListeners='[]', serverSelectionTimeout='30000 ms', localThreshold='15 ms'}, socketSettings=SocketSettings{connectTimeoutMS=10000, readTimeoutMS=0, receiveBufferSize=0, proxySettings=ProxySettings{host=null, port=null, username=null, password=null}}, heartbeatSocketSettings=SocketSettings{connectTimeoutMS=10000, readTimeoutMS=10000, receiveBufferSize=0, proxySettings=ProxySettings{host=null, port=null, username=null, password=null}}, connectionPoolSettings=ConnectionPoolSettings{maxSize=100, minSize=0, maxWaitTimeMS=120000, maxConnectionLifeTimeMS=0, maxConnectionIdleTimeMS=0, maintenanceInitialDelayMS=0, maintenanceFrequencyMS=60000, connectionPoolListeners=[], maxConnecting=2}, serverSettings=ServerSettings{heartbeatFrequencyMS=10000, minHeartbeatFrequencyMS=500, serverMonitoringMode=AUTO, serverListeners='[]', serverMonitorListeners='[]'}, sslSettings=SslSettings{enabled=false, invalidHostNameAllowed=false, context=null}, applicationName='null', compressorList=[], uuidRepresentation=JAVA_LEGACY, serverApi=null, autoEncryptionSettings=null, dnsClient=null, inetAddressResolver=null, contextProvider=null, timeoutMS=null}
2025-01-30T10:38:43.180+03:00  INFO 55693 --- [customer-service] [localhost:27017] org.mongodb.driver.cluster               : Monitor thread successfully connected to server with description ServerDescription{address=localhost:27017, type=STANDALONE, cryptd=false, state=CONNECTED, ok=true, minWireVersion=0, maxWireVersion=25, maxDocumentSize=16777216, logicalSessionTimeoutMinutes=30, roundTripTimeNanos=20708279, minRoundTripTimeNanos=0}
2025-01-30T10:38:43.941+03:00  INFO 55693 --- [customer-service] [           main] DiscoveryClientOptionalArgsConfiguration : Eureka HTTP Client uses RestTemplate.
2025-01-30T10:38:43.979+03:00  WARN 55693 --- [customer-service] [           main] iguration$LoadBalancerCaffeineWarnLogger : Spring Cloud LoadBalancer is currently working with the default cache. While this cache implementation is useful for development and tests, it's recommended to use Caffeine cache in production.You can switch to using Caffeine cache, by adding it and org.springframework.cache.caffeine.CaffeineCacheManager to the classpath.
2025-01-30T10:38:44.002+03:00  INFO 55693 --- [customer-service] [           main] o.s.c.n.eureka.InstanceInfoFactory       : Setting initial instance status as: STARTING
2025-01-30T10:38:44.023+03:00  INFO 55693 --- [customer-service] [           main] com.netflix.discovery.DiscoveryClient    : Initializing Eureka in region us-east-1
2025-01-30T10:38:44.027+03:00  INFO 55693 --- [customer-service] [           main] c.n.d.s.r.aws.ConfigClusterResolver      : Resolving eureka endpoints via configuration
2025-01-30T10:38:44.036+03:00  INFO 55693 --- [customer-service] [           main] com.netflix.discovery.DiscoveryClient    : Disable delta property : false
2025-01-30T10:38:44.036+03:00  INFO 55693 --- [customer-service] [           main] com.netflix.discovery.DiscoveryClient    : Single vip registry refresh property : null
2025-01-30T10:38:44.036+03:00  INFO 55693 --- [customer-service] [           main] com.netflix.discovery.DiscoveryClient    : Force full registry fetch : false
2025-01-30T10:38:44.036+03:00  INFO 55693 --- [customer-service] [           main] com.netflix.discovery.DiscoveryClient    : Application is null : false
2025-01-30T10:38:44.036+03:00  INFO 55693 --- [customer-service] [           main] com.netflix.discovery.DiscoveryClient    : Registered Applications size is zero : true
2025-01-30T10:38:44.036+03:00  INFO 55693 --- [customer-service] [           main] com.netflix.discovery.DiscoveryClient    : Application version is -1: true
2025-01-30T10:38:44.037+03:00  INFO 55693 --- [customer-service] [           main] com.netflix.discovery.DiscoveryClient    : Getting all instance registry info from the eureka server
2025-01-30T10:38:44.326+03:00  INFO 55693 --- [customer-service] [           main] com.netflix.discovery.DiscoveryClient    : The response status is 200
2025-01-30T10:38:44.328+03:00  INFO 55693 --- [customer-service] [           main] com.netflix.discovery.DiscoveryClient    : Starting heartbeat executor: renew interval is: 30
2025-01-30T10:38:44.330+03:00  INFO 55693 --- [customer-service] [           main] c.n.discovery.InstanceInfoReplicator     : InstanceInfoReplicator onDemand update allowed rate per min is 4
2025-01-30T10:38:44.332+03:00  INFO 55693 --- [customer-service] [           main] com.netflix.discovery.DiscoveryClient    : Discovery Client initialized at timestamp 1738222724332 with initial instances count: 0
2025-01-30T10:38:44.337+03:00  INFO 55693 --- [customer-service] [           main] o.s.c.n.e.s.EurekaServiceRegistry        : Registering application CUSTOMER-SERVICE with eureka with status UP
2025-01-30T10:38:44.338+03:00  INFO 55693 --- [customer-service] [           main] com.netflix.discovery.DiscoveryClient    : Saw local status change event StatusChangeEvent [timestamp=1738222724338, current=UP, previous=STARTING]
2025-01-30T10:38:44.341+03:00  INFO 55693 --- [customer-service] [foReplicator-%d] com.netflix.discovery.DiscoveryClient    : DiscoveryClient_CUSTOMER-SERVICE/192.168.1.8:customer-service:8090: registering service...
2025-01-30T10:38:44.357+03:00  INFO 55693 --- [customer-service] [           main] k.u.ecommerce.CustomerApplicationTests   : Started CustomerApplicationTests in 3.19 seconds (process running for 4.208)
2025-01-30T10:38:44.382+03:00  INFO 55693 --- [customer-service] [foReplicator-%d] com.netflix.discovery.DiscoveryClient    : DiscoveryClient_CUSTOMER-SERVICE/192.168.1.8:customer-service:8090 - registration status: 204
]]></system-out>
  </testcase>
</testsuite>